Running bash script to fetch Philadelphia SE Semiconductor Index data...
Data saved to sox_index_data.csv
Successfully extracted and saved data for 2025-04-06 at 15:45:02
Current value: 3597.66 USD, Change: -296.03 (-7.60%)
Running bash script to fetch Philadelphia SE Semiconductor Index data...
Data saved to sox_index_data.csv
Successfully extracted and saved data for 2025-04-06 at 15:50:01
Current value: 3597.66 USD, Change: -296.03 (-7.60%)
Running bash script to fetch Philadelphia SE Semiconductor Index data...
Data saved to sox_index_data.csv
Successfully extracted and saved data for 2025-04-06 at 15:55:01
Current value: 3597.66 USD, Change: -296.03 (-7.60%)
Running bash script to fetch Philadelphia SE Semiconductor Index data...
Data saved to sox_index_data.csv
Successfully extracted and saved data for 2025-04-06 at 16:00:01
Current value: 3597.66 USD, Change: -296.03 (-7.60%)
Running bash script to fetch Philadelphia SE Semiconductor Index data...
Data saved to sox_index_data.csv
Successfully extracted and saved data for 2025-04-06 at 16:05:01
Current value: 3597.66 USD, Change: -296.03 (-7.60%)
Running bash script to fetch Philadelphia SE Semiconductor Index data...
Data saved to sox_index_data.csv
Successfully extracted and saved data for 2025-04-06 at 16:10:01
Current value: 3597.66 USD, Change: -296.03 (-7.60%)
Running bash script to fetch Philadelphia SE Semiconductor Index data...
Data saved to sox_index_data.csv
Successfully extracted and saved data for 2025-04-06 at 16:15:02
Current value: 3597.66 USD, Change: -296.03 (-7.60%)
Running bash script to fetch Philadelphia SE Semiconductor Index data...
Data saved to sox_index_data.csv
Successfully extracted and saved data for 2025-04-06 at 16:20:01
Current value: 3597.66 USD, Change: -296.03 (-7.60%)
Running bash script to fetch Philadelphia SE Semiconductor Index data...
Data saved to sox_index_data.csv
Successfully extracted and saved data for 2025-04-06 at 16:25:01
Current value: 3597.66 USD, Change: -296.03 (-7.60%)
Running bash script to fetch Philadelphia SE Semiconductor Index data...
Data saved to sox_index_data.csv
Successfully extracted and saved data for 2025-04-06 at 16:30:01
Current value: 3597.66 USD, Change: -296.03 (-7.60%)
Running bash script to fetch Philadelphia SE Semiconductor Index data...
Data saved to sox_index_data.csv
Successfully extracted and saved data for 2025-04-06 at 16:35:01
Current value: 3597.66 USD, Change: -296.03 (-7.60%)
Running bash script to fetch Philadelphia SE Semiconductor Index data...
Data saved to sox_index_data.csv
Successfully extracted and saved data for 2025-04-06 at 16:40:02
Current value: 3597.66 USD, Change: -296.03 (-7.60%)
Running bash script to fetch Philadelphia SE Semiconductor Index data...
Data saved to sox_index_data.csv
Successfully extracted and saved data for 2025-04-06 at 16:45:01
Current value: 3597.66 USD, Change: -296.03 (-7.60%)
Running bash script to fetch Philadelphia SE Semiconductor Index data...
Data saved to sox_index_data.csv
Successfully extracted and saved data for 2025-04-06 at 16:50:01
Current value: 3597.66 USD, Change: -296.03 (-7.60%)
Running bash script to fetch Philadelphia SE Semiconductor Index data...
Data saved to sox_index_data.csv
Successfully extracted and saved data for 2025-04-06 at 16:55:01
Current value: 3597.66 USD, Change: -296.03 (-7.60%)
Running bash script to fetch Philadelphia SE Semiconductor Index data...
Data saved to sox_index_data.csv
Successfully extracted and saved data for 2025-04-06 at 17:00:02
Current value: 3597.66 USD, Change: -296.03 (-7.60%)
Running bash script to fetch Philadelphia SE Semiconductor Index data...
Data saved to sox_index_data.csv
Successfully extracted and saved data for 2025-04-06 at 17:05:01
Current value: 3597.66 USD, Change: -296.03 (-7.60%)
Running bash script to fetch Philadelphia SE Semiconductor Index data...
Data saved to sox_index_data.csv
Successfully extracted and saved data for 2025-04-06 at 17:10:01
Current value: 3597.66 USD, Change: -296.03 (-7.60%)
Running bash script to fetch Philadelphia SE Semiconductor Index data...
Data saved to sox_index_data.csv
Successfully extracted and saved data for 2025-04-06 at 17:15:01
Current value: 3597.66 USD, Change: -296.03 (-7.60%)
Running bash script to fetch Philadelphia SE Semiconductor Index data...
Data saved to sox_index_data.csv
Successfully extracted and saved data for 2025-04-06 at 17:20:01
Current value: 3597.66 USD, Change: -296.03 (-7.60%)
Running bash script to fetch Philadelphia SE Semiconductor Index data...
Data saved to sox_index_data.csv
Successfully extracted and saved data for 2025-04-06 at 17:25:01
Current value: 3597.66 USD, Change: -296.03 (-7.60%)
Running bash script to fetch Philadelphia SE Semiconductor Index data...
Data saved to sox_index_data.csv
Successfully extracted and saved data for 2025-04-06 at 17:30:02
Current value: 3597.66 USD, Change: -296.03 (-7.60%)
Running bash script to fetch Philadelphia SE Semiconductor Index data...
Data saved to sox_index_data.csv
Successfully extracted and saved data for 2025-04-06 at 17:35:01
Current value: 3597.66 USD, Change: -296.03 (-7.60%)
Running bash script to fetch Philadelphia SE Semiconductor Index data...
Data saved to sox_index_data.csv
Successfully extracted and saved data for 2025-04-06 at 17:40:01
Current value: 3597.66 USD, Change: -296.03 (-7.60%)
Running bash script to fetch Philadelphia SE Semiconductor Index data...
Data saved to sox_index_data.csv
Successfully extracted and saved data for 2025-04-06 at 17:45:01
Current value: 3597.66 USD, Change: -296.03 (-7.60%)
Running bash script to fetch Philadelphia SE Semiconductor Index data...
Data saved to sox_index_data.csv
Successfully extracted and saved data for 2025-04-06 at 17:50:01
Current value: 3597.66 USD, Change: -296.03 (-7.60%)
Running bash script to fetch Philadelphia SE Semiconductor Index data...
Data saved to sox_index_data.csv
Successfully extracted and saved data for 2025-04-06 at 17:55:02
Current value: 3597.66 USD, Change: -296.03 (-7.60%)
Running bash script to fetch Philadelphia SE Semiconductor Index data...
Data saved to sox_index_data.csv
Successfully extracted and saved data for 2025-04-06 at 18:00:01
Current value: 3597.66 USD, Change: -296.03 (-7.60%)
Running bash script to fetch Philadelphia SE Semiconductor Index data...
Data saved to sox_index_data.csv
Successfully extracted and saved data for 2025-04-06 at 18:05:01
Current value: 3597.66 USD, Change: -296.03 (-7.60%)
Running bash script to fetch Philadelphia SE Semiconductor Index data...
Data saved to sox_index_data.csv
Successfully extracted and saved data for 2025-04-06 at 18:10:01
Current value: 3597.66 USD, Change: -296.03 (-7.60%)
Running bash script to fetch Philadelphia SE Semiconductor Index data...
Data saved to sox_index_data.csv
Successfully extracted and saved data for 2025-04-06 at 18:15:01
Current value: 3597.66 USD, Change: -296.03 (-7.60%)
Running bash script to fetch Philadelphia SE Semiconductor Index data...
Data saved to sox_index_data.csv
Successfully extracted and saved data for 2025-04-06 at 18:20:02
Current value: 3597.66 USD, Change: -296.03 (-7.60%)
Running bash script to fetch Philadelphia SE Semiconductor Index data...
Data saved to sox_index_data.csv
Successfully extracted and saved data for 2025-04-06 at 18:25:01
Current value: 3597.66 USD, Change: -296.03 (-7.60%)
Running bash script to fetch Philadelphia SE Semiconductor Index data...
Data saved to sox_index_data.csv
Successfully extracted and saved data for 2025-04-06 at 18:30:01
Current value: 3597.66 USD, Change: -296.03 (-7.60%)
Running bash script to fetch Philadelphia SE Semiconductor Index data...
Data saved to sox_index_data.csv
Successfully extracted and saved data for 2025-04-06 at 18:35:01
Current value: 3597.66 USD, Change: -296.03 (-7.60%)
Running bash script to fetch Philadelphia SE Semiconductor Index data...
Data saved to sox_index_data.csv
Successfully extracted and saved data for 2025-04-06 at 18:40:01
Current value: 3597.66 USD, Change: -296.03 (-7.60%)
Running bash script to fetch Philadelphia SE Semiconductor Index data...
Data saved to sox_index_data.csv
Successfully extracted and saved data for 2025-04-06 at 18:45:01
Current value: 3597.66 USD, Change: -296.03 (-7.60%)
Running bash script to fetch Philadelphia SE Semiconductor Index data...
Data saved to sox_index_data.csv
Successfully extracted and saved data for 2025-04-06 at 18:50:02
Current value: 3597.66 USD, Change: -296.03 (-7.60%)
Running bash script to fetch Philadelphia SE Semiconductor Index data...
Data saved to sox_index_data.csv
Successfully extracted and saved data for 2025-04-06 at 18:55:01
Current value: 3597.66 USD, Change: -296.03 (-7.60%)
Running bash script to fetch Philadelphia SE Semiconductor Index data...
Data saved to sox_index_data.csv
Successfully extracted and saved data for 2025-04-06 at 19:00:01
Current value: 3597.66 USD, Change: -296.03 (-7.60%)
Running bash script to fetch Philadelphia SE Semiconductor Index data...
Data saved to sox_index_data.csv
Successfully extracted and saved data for 2025-04-06 at 19:05:01
Current value: 3597.66 USD, Change: -296.03 (-7.60%)
Running bash script to fetch Philadelphia SE Semiconductor Index data...
Data saved to sox_index_data.csv
Successfully extracted and saved data for 2025-04-06 at 19:10:01
Current value: 3597.66 USD, Change: -296.03 (-7.60%)
Running bash script to fetch Philadelphia SE Semiconductor Index data...
Data saved to sox_index_data.csv
Successfully extracted and saved data for 2025-04-06 at 19:15:02
Current value: 3597.66 USD, Change: -296.03 (-7.60%)
Running bash script to fetch Philadelphia SE Semiconductor Index data...
Data saved to sox_index_data.csv
Successfully extracted and saved data for 2025-04-06 at 19:20:01
Current value: 3597.66 USD, Change: -296.03 (-7.60%)
Running bash script to fetch Philadelphia SE Semiconductor Index data...
Data saved to sox_index_data.csv
Successfully extracted and saved data for 2025-04-06 at 19:25:01
Current value: 3597.66 USD, Change: -296.03 (-7.60%)
Running bash script to fetch Philadelphia SE Semiconductor Index data...
Data saved to sox_index_data.csv
Successfully extracted and saved data for 2025-04-06 at 19:30:01
Current value: 3597.66 USD, Change: -296.03 (-7.60%)
Running bash script to fetch Philadelphia SE Semiconductor Index data...
Data saved to sox_index_data.csv
Successfully extracted and saved data for 2025-04-06 at 19:35:01
Current value: 3597.66 USD, Change: -296.03 (-7.60%)
Running bash script to fetch Philadelphia SE Semiconductor Index data...
Data saved to sox_index_data.csv
Successfully extracted and saved data for 2025-04-06 at 19:40:02
Current value: 3597.66 USD, Change: -296.03 (-7.60%)
Running bash script to fetch Philadelphia SE Semiconductor Index data...
Data saved to sox_index_data.csv
Successfully extracted and saved data for 2025-04-06 at 19:45:01
Current value: 3597.66 USD, Change: -296.03 (-7.60%)
Running bash script to fetch Philadelphia SE Semiconductor Index data...
Data saved to sox_index_data.csv
Successfully extracted and saved data for 2025-04-06 at 19:50:01
Current value: 3597.66 USD, Change: -296.03 (-7.60%)
Running bash script to fetch Philadelphia SE Semiconductor Index data...
Data saved to sox_index_data.csv
Successfully extracted and saved data for 2025-04-06 at 19:55:01
Current value: 3597.66 USD, Change: -296.03 (-7.60%)
Running bash script to fetch Philadelphia SE Semiconductor Index data...
Data saved to sox_index_data.csv
Successfully extracted and saved data for 2025-04-06 at 20:00:01
Current value: 3597.66 USD, Change: -296.03 (-7.60%)
Running bash script to fetch Philadelphia SE Semiconductor Index data...
Data saved to sox_index_data.csv
Successfully extracted and saved data for 2025-04-06 at 20:05:01
Current value: 3597.66 USD, Change: -296.03 (-7.60%)
Running bash script to fetch Philadelphia SE Semiconductor Index data...
Data saved to sox_index_data.csv
Successfully extracted and saved data for 2025-04-06 at 20:10:01
Current value: 3597.66 USD, Change: -296.03 (-7.60%)
Running bash script to fetch Philadelphia SE Semiconductor Index data...
Data saved to sox_index_data.csv
Successfully extracted and saved data for 2025-04-06 at 20:15:01
Current value: 3597.66 USD, Change: -296.03 (-7.60%)
Running bash script to fetch Philadelphia SE Semiconductor Index data...
Data saved to sox_index_data.csv
Successfully extracted and saved data for 2025-04-06 at 20:20:02
Current value: 3597.66 USD, Change: -296.03 (-7.60%)
Running bash script to fetch Philadelphia SE Semiconductor Index data...
Data saved to sox_index_data.csv
Successfully extracted and saved data for 2025-04-06 at 20:25:01
Current value: 3597.66 USD, Change: -296.03 (-7.60%)
Running bash script to fetch Philadelphia SE Semiconductor Index data...
Data saved to sox_index_data.csv
Successfully extracted and saved data for 2025-04-06 at 20:30:01
Current value: 3597.66 USD, Change: -296.03 (-7.60%)
Running bash script to fetch Philadelphia SE Semiconductor Index data...
Data saved to sox_index_data.csv
Successfully extracted and saved data for 2025-04-06 at 20:35:01
Current value: 3597.66 USD, Change: -296.03 (-7.60%)
Running bash script to fetch Philadelphia SE Semiconductor Index data...
Data saved to sox_index_data.csv
Successfully extracted and saved data for 2025-04-06 at 20:40:01
Current value: 3597.66 USD, Change: -296.03 (-7.60%)
Running bash script to fetch Philadelphia SE Semiconductor Index data...
Data saved to sox_index_data.csv
Successfully extracted and saved data for 2025-04-06 at 20:45:01
Current value: 3597.66 USD, Change: -296.03 (-7.60%)
Running bash script to fetch Philadelphia SE Semiconductor Index data...
Data saved to sox_index_data.csv
Successfully extracted and saved data for 2025-04-06 at 20:50:01
Current value: 3597.66 USD, Change: -296.03 (-7.60%)
Running bash script to fetch Philadelphia SE Semiconductor Index data...
Data saved to sox_index_data.csv
Successfully extracted and saved data for 2025-04-06 at 20:55:01
Current value: 3597.66 USD, Change: -296.03 (-7.60%)
Running bash script to fetch Philadelphia SE Semiconductor Index data...
Data saved to sox_index_data.csv
Successfully extracted and saved data for 2025-04-06 at 21:00:01
Current value: 3597.66 USD, Change: -296.03 (-7.60%)
Running bash script to fetch Philadelphia SE Semiconductor Index data...
Data saved to sox_index_data.csv
Successfully extracted and saved data for 2025-04-06 at 21:05:01
Current value: 3597.66 USD, Change: -296.03 (-7.60%)
Running bash script to fetch Philadelphia SE Semiconductor Index data...
Data saved to sox_index_data.csv
Successfully extracted and saved data for 2025-04-06 at 21:10:01
Current value: 3597.66 USD, Change: -296.03 (-7.60%)
Running bash script to fetch Philadelphia SE Semiconductor Index data...
Data saved to sox_index_data.csv
Successfully extracted and saved data for 2025-04-06 at 21:15:02
Current value: 3597.66 USD, Change: -296.03 (-7.60%)
Running bash script to fetch Philadelphia SE Semiconductor Index data...
Data saved to sox_index_data.csv
Successfully extracted and saved data for 2025-04-06 at 21:20:01
Current value: 3597.66 USD, Change: -296.03 (-7.60%)
Running bash script to fetch Philadelphia SE Semiconductor Index data...
Data saved to sox_index_data.csv
Successfully extracted and saved data for 2025-04-06 at 21:25:01
Current value: 3597.66 USD, Change: -296.03 (-7.60%)
Running bash script to fetch Philadelphia SE Semiconductor Index data...
Data saved to sox_index_data.csv
Successfully extracted and saved data for 2025-04-06 at 21:30:01
Current value: 3597.66 USD, Change: -296.03 (-7.60%)
Running bash script to fetch Philadelphia SE Semiconductor Index data...
Data saved to sox_index_data.csv
Successfully extracted and saved data for 2025-04-06 at 21:35:01
Current value: 3597.66 USD, Change: -296.03 (-7.60%)
Running bash script to fetch Philadelphia SE Semiconductor Index data...
Data saved to sox_index_data.csv
Successfully extracted and saved data for 2025-04-06 at 21:40:01
Current value: 3597.66 USD, Change: -296.03 (-7.60%)
Checking if market is open...
Market is closed. Skipping data collection.
Checking if market is open...
Market is closed. Skipping data collection.
Checking if market is open...
Market is closed. Skipping data collection.
Checking if market is open...
Market is closed. Skipping data collection.
Checking if market is open...
Market is closed. Skipping data collection.
Checking if market is open...
Market is closed. Skipping data collection.
Checking if market is open...
Market is closed. Skipping data collection.
Checking if market is open...
Market is closed. Skipping data collection.
Checking if market is open...
Market is closed. Skipping data collection.
Checking if market is open...
Market is closed. Skipping data collection.
Checking if market is open...
Market is closed. Skipping data collection.
Checking if market is open...
Market is closed. Skipping data collection.
Checking if market is open...
Market is closed. Skipping data collection.
Checking if market is open...
Market is closed. Skipping data collection.
Checking if market is open...
Market is closed. Skipping data collection.
Checking if market is open...
Market is closed. Skipping data collection.
Checking if market is open...
Market is closed. Skipping data collection.
Checking if market is open...
Market is closed. Skipping data collection.
Checking if market is open...
Market is closed. Skipping data collection.
Checking if market is open...
Market is closed. Skipping data collection.
Checking if market is open...
Market is closed. Skipping data collection.
Checking if market is open...
Market is closed. Skipping data collection.
Checking if market is open...
Market is closed. Skipping data collection.
Checking if market is open...
Market is closed. Skipping data collection.
Checking if market is open...
Market is closed. Skipping data collection.
Checking if market is open...
Market is closed. Skipping data collection.
Checking if market is open...
Market is closed. Skipping data collection.
Checking if market is open...
Market is closed. Skipping data collection.
Checking if market is open...
Market is closed. Skipping data collection.
Checking if market is open...
Market is closed. Skipping data collection.
Checking if market is open...
Market is closed. Skipping data collection.
Checking if market is open...
Market is closed. Skipping data collection.
Checking if market is open...
Market is closed. Skipping data collection.
Checking if market is open...
Market is closed. Skipping data collection.
Checking if market is open...
Market is closed. Skipping data collection.
Checking if market is open...
Market is closed. Skipping data collection.
Checking if market is open...
Market is closed. Skipping data collection.
Checking if market is open...
Market is closed. Skipping data collection.
Checking if market is open...
Market is closed. Skipping data collection.
Checking if market is open...
Market is closed. Skipping data collection.
Checking if market is open...
Market is closed. Skipping data collection.
Checking if market is open...
Market is closed. Skipping data collection.
Checking if market is open...
Market is closed. Skipping data collection.
Checking if market is open...
Market is closed. Skipping data collection.
Checking if market is open...
Market is closed. Skipping data collection.
Checking if market is open...
Market is closed. Skipping data collection.
Checking if market is open...
Market is closed. Skipping data collection.
Checking if market is open...
Market is closed. Skipping data collection.
Checking if market is open...
Market is closed. Skipping data collection.
Checking if market is open...
Market is closed. Skipping data collection.
Checking if market is open...
Market is closed. Skipping data collection.
Checking if market is open...
Market is closed. Skipping data collection.
Checking if market is open...
Market is closed. Skipping data collection.
Checking if market is open...
Market is closed. Skipping data collection.
Checking if market is open...
Market is closed. Skipping data collection.
Checking if market is open...
Market is closed. Skipping data collection.
Checking if market is open...
Market is closed. Skipping data collection.
Checking if market is open...
Market is closed. Skipping data collection.
Checking if market is open...
Market is closed. Skipping data collection.
Checking if market is open...
Market is closed. Skipping data collection.
Checking if market is open...
Market is closed. Skipping data collection.
Checking if market is open...
Market is closed. Skipping data collection.
Checking if market is open...
Market is closed. Skipping data collection.
Checking if market is open...
Market is closed. Skipping data collection.
Checking if market is open...
Market is closed. Skipping data collection.
Checking if market is open...
Market is closed. Skipping data collection.
Checking if market is open...
Market is closed. Skipping data collection.
Checking if market is open...
Market is closed. Skipping data collection.
Checking if market is open...
Market is closed. Skipping data collection.
Checking if market is open...
Market is closed. Skipping data collection.
Checking if market is open...
Market is closed. Skipping data collection.
Checking if market is open...
Market is closed. Skipping data collection.
Checking if market is open...
Market is closed. Skipping data collection.
Checking if market is open...
Market is closed. Skipping data collection.
Checking if market is open...
Market is closed. Skipping data collection.
Checking if market is open...
Market is closed. Skipping data collection.
Checking if market is open...
Market is closed. Skipping data collection.
Checking if market is open...
Market is closed. Skipping data collection.
Checking if market is open...
Market is closed. Skipping data collection.
Checking if market is open...
Market is closed. Skipping data collection.
Checking if market is open...
Market is closed. Skipping data collection.
Checking if market is open...
Market is closed. Skipping data collection.
Checking if market is open...
Market is closed. Skipping data collection.
Checking if market is open...
Market is closed. Skipping data collection.
Checking if market is open...
Market is closed. Skipping data collection.
Checking if market is open...
Market is closed. Skipping data collection.
Checking if market is open...
Market is closed. Skipping data collection.
Checking if market is open...
Market is closed. Skipping data collection.
Checking if market is open...
Market is closed. Skipping data collection.
Checking if market is open...
Market is closed. Skipping data collection.
Checking if market is open...
Market is closed. Skipping data collection.
Checking if market is open...
Market is closed. Skipping data collection.
Checking if market is open...
Market is closed. Skipping data collection.
Checking if market is open...
Market is closed. Skipping data collection.
Checking if market is open...
Market is closed. Skipping data collection.
Checking if market is open...
Market is closed. Skipping data collection.
Checking if market is open...
Market is closed. Skipping data collection.
Checking if market is open...
Market is closed. Skipping data collection.
Checking if market is open...
Market is closed. Skipping data collection.
Checking if market is open...
Market is closed. Skipping data collection.
Checking if market is open...
Market is closed. Skipping data collection.
Checking if market is open...
Market is closed. Skipping data collection.
Checking if market is open...
Market is closed. Skipping data collection.
Checking if market is open...
Market is closed. Skipping data collection.
Checking if market is open...
Market is closed. Skipping data collection.
Checking if market is open...
Market is closed. Skipping data collection.
Checking if market is open...
Market is closed. Skipping data collection.
Checking if market is open...
Market is closed. Skipping data collection.
Checking if market is open...
Market is closed. Skipping data collection.
Checking if market is open...
Market is closed. Skipping data collection.
Checking if market is open...
Market is closed. Skipping data collection.
Checking if market is open...
Market is closed. Skipping data collection.
Checking if market is open...
Market is closed. Skipping data collection.
Checking if market is open...
Market is closed. Skipping data collection.
Checking if market is open...
Market is closed. Skipping data collection.
Checking if market is open...
Market is closed. Skipping data collection.
Checking if market is open...
Market is closed. Skipping data collection.
Checking if market is open...
Market is closed. Skipping data collection.
Checking if market is open...
Market is closed. Skipping data collection.
Checking if market is open...
Market is closed. Skipping data collection.
Checking if market is open...
Market is closed. Skipping data collection.
Checking if market is open...
Market is closed. Skipping data collection.
Checking if market is open...
Market is closed. Skipping data collection.
Checking if market is open...
Market is closed. Skipping data collection.
Checking if market is open...
Market is closed. Skipping data collection.
Checking if market is open...
Market is closed. Skipping data collection.
Checking if market is open...
Market is closed. Skipping data collection.
Checking if market is open...
Market is closed. Skipping data collection.
Checking if market is open...
Market is closed. Skipping data collection.
Checking if market is open...
Market is closed. Skipping data collection.
Checking if market is open...
Market is closed. Skipping data collection.
Checking if market is open...
Market is closed. Skipping data collection.
Checking if market is open...
Market is closed. Skipping data collection.
Checking if market is open...
Market is closed. Skipping data collection.
Checking if market is open...
Market is closed. Skipping data collection.
Checking if market is open...
Market is closed. Skipping data collection.
Checking if market is open...
Market is closed. Skipping data collection.
Checking if market is open...
Market is closed. Skipping data collection.
Checking if market is open...
Market is closed. Skipping data collection.
Checking if market is open...
Market is closed. Skipping data collection.
Checking if market is open...
Market is closed. Skipping data collection.
Checking if market is open...
Market is closed. Skipping data collection.
Checking if market is open...
Market is closed. Skipping data collection.
Checking if market is open...
Market is closed. Skipping data collection.
Checking if market is open...
Market is closed. Skipping data collection.
Checking if market is open...
Market is closed. Skipping data collection.
Checking if market is open...
Market is closed. Skipping data collection.
Checking if market is open...
Market is closed. Skipping data collection.
Checking if market is open...
Market is closed. Skipping data collection.
Checking if market is open...
Market is closed. Skipping data collection.
Checking if market is open...
Market is closed. Skipping data collection.
Checking if market is open...
Market is closed. Skipping data collection.
Checking if market is open...
Market is closed. Skipping data collection.
Checking if market is open...
Market is closed. Skipping data collection.
Checking if market is open...
Market is closed. Skipping data collection.
Checking if market is open...
Market is closed. Skipping data collection.
Checking if market is open...
Market is closed. Skipping data collection.
Checking if market is open...
Market is closed. Skipping data collection.
Checking if market is open...
Market is closed. Skipping data collection.
Checking if market is open...
Market is closed. Skipping data collection.
Checking if market is open...
Market is closed. Skipping data collection.
Checking if market is open...
Market is closed. Skipping data collection.
Checking if market is open...
Market is closed. Skipping data collection.
Checking if market is open...
Market is closed. Skipping data collection.
Checking if market is open...
Market is closed. Skipping data collection.
Checking if market is open...
Market is closed. Skipping data collection.
Checking if market is open...
Market is closed. Skipping data collection.
Checking if market is open...
Market is closed. Skipping data collection.
Checking if market is open...
Market is closed. Skipping data collection.
Checking if market is open...
Market is closed. Skipping data collection.
Checking if market is open...
Market is closed. Skipping data collection.
Checking if market is open...
Market is closed. Skipping data collection.
Checking if market is open...
Market is closed. Skipping data collection.
Checking if market is open...
Market is closed. Skipping data collection.
Checking if market is open...
Market is closed. Skipping data collection.
Checking if market is open...
Market is closed. Skipping data collection.
Checking if market is open...
Market is closed. Skipping data collection.
Checking if market is open...
Market is closed. Skipping data collection.
Checking if market is open...
Market is closed. Skipping data collection.
Checking if market is open...
Market is closed. Skipping data collection.
Checking if market is open...
Market is closed. Skipping data collection.
Checking if market is open...
Market is closed. Skipping data collection.
Checking if market is open...
Market is closed. Skipping data collection.
Checking if market is open...
Market is closed. Skipping data collection.
Checking if market is open...
Market is closed. Skipping data collection.
Checking if market is open...
Market is closed. Skipping data collection.
Checking if market is open...
Market is closed. Skipping data collection.
Checking if market is open...
Market is closed. Skipping data collection.
Checking if market is open...
Market is closed. Skipping data collection.
Checking if market is open...
Running bash script to fetch Philadelphia SE Semiconductor Index data...
Data saved to sox_index_data.csv
Successfully extracted and saved data for 2025-04-07 at 13:30:02
Traceback (most recent call last):
  File "/home/ubuntu/sox-index-project/sox_collector.py", line 114, in <module>
    main()
  File "/home/ubuntu/sox-index-project/sox_collector.py", line 109, in main
    print(f"Current value: {data['current_value']:.2f} USD, Change: {data['change_amount']:.2f} ({data['change_percent']:.2f}%)")
KeyError: 'current_value'
Checking if market is open...
Running bash script to fetch Philadelphia SE Semiconductor Index data...
Data saved to sox_index_data.csv
Successfully extracted and saved data for 2025-04-07 at 13:35:01
Traceback (most recent call last):
  File "/home/ubuntu/sox-index-project/sox_collector.py", line 114, in <module>
    main()
  File "/home/ubuntu/sox-index-project/sox_collector.py", line 109, in main
    print(f"Current value: {data['current_value']:.2f} USD, Change: {data['change_amount']:.2f} ({data['change_percent']:.2f}%)")
KeyError: 'current_value'
Checking if market is open...
Running bash script to fetch Philadelphia SE Semiconductor Index data...
Data saved to sox_index_data.csv
Successfully extracted and saved data for 2025-04-07 at 13:40:02
Traceback (most recent call last):
  File "/home/ubuntu/sox-index-project/sox_collector.py", line 114, in <module>
    main()
  File "/home/ubuntu/sox-index-project/sox_collector.py", line 109, in main
    print(f"Current value: {data['current_value']:.2f} USD, Change: {data['change_amount']:.2f} ({data['change_percent']:.2f}%)")
KeyError: 'current_value'
Checking if market is open...
Running bash script to fetch Philadelphia SE Semiconductor Index data...
Data saved to sox_index_data.csv
Successfully extracted and saved data for 2025-04-07 at 13:45:01
Traceback (most recent call last):
  File "/home/ubuntu/sox-index-project/sox_collector.py", line 114, in <module>
    main()
  File "/home/ubuntu/sox-index-project/sox_collector.py", line 109, in main
    print(f"Current value: {data['current_value']:.2f} USD, Change: {data['change_amount']:.2f} ({data['change_percent']:.2f}%)")
KeyError: 'current_value'
Checking if market is open...
Running bash script to fetch Philadelphia SE Semiconductor Index data...
Data saved to sox_index_data.csv
Successfully extracted and saved data for 2025-04-07 at 13:50:01
Traceback (most recent call last):
  File "/home/ubuntu/sox-index-project/sox_collector.py", line 114, in <module>
    main()
  File "/home/ubuntu/sox-index-project/sox_collector.py", line 109, in main
    print(f"Current value: {data['current_value']:.2f} USD, Change: {data['change_amount']:.2f} ({data['change_percent']:.2f}%)")
KeyError: 'current_value'
Checking if market is open...
Running bash script to fetch Philadelphia SE Semiconductor Index data...
Data saved to sox_index_data.csv
Successfully extracted and saved data for 2025-04-07 at 13:55:01
Traceback (most recent call last):
  File "/home/ubuntu/sox-index-project/sox_collector.py", line 114, in <module>
    main()
  File "/home/ubuntu/sox-index-project/sox_collector.py", line 109, in main
    print(f"Current value: {data['current_value']:.2f} USD, Change: {data['change_amount']:.2f} ({data['change_percent']:.2f}%)")
KeyError: 'current_value'
Checking if market is open...
Running bash script to fetch Philadelphia SE Semiconductor Index data...
Data saved to sox_index_data.csv
Successfully extracted and saved data for 2025-04-07 at 14:00:01
Traceback (most recent call last):
  File "/home/ubuntu/sox-index-project/sox_collector.py", line 114, in <module>
    main()
  File "/home/ubuntu/sox-index-project/sox_collector.py", line 109, in main
    print(f"Current value: {data['current_value']:.2f} USD, Change: {data['change_amount']:.2f} ({data['change_percent']:.2f}%)")
KeyError: 'current_value'
Checking if market is open...
Running bash script to fetch Philadelphia SE Semiconductor Index data...
Data saved to sox_index_data.csv
Successfully extracted and saved data for 2025-04-07 at 14:05:01
Traceback (most recent call last):
  File "/home/ubuntu/sox-index-project/sox_collector.py", line 114, in <module>
    main()
  File "/home/ubuntu/sox-index-project/sox_collector.py", line 109, in main
    print(f"Current value: {data['current_value']:.2f} USD, Change: {data['change_amount']:.2f} ({data['change_percent']:.2f}%)")
KeyError: 'current_value'
Checking if market is open...
Running bash script to fetch Philadelphia SE Semiconductor Index data...
Data saved to sox_index_data.csv
Successfully extracted and saved data for 2025-04-07 at 14:10:02
Traceback (most recent call last):
  File "/home/ubuntu/sox-index-project/sox_collector.py", line 114, in <module>
    main()
  File "/home/ubuntu/sox-index-project/sox_collector.py", line 109, in main
    print(f"Current value: {data['current_value']:.2f} USD, Change: {data['change_amount']:.2f} ({data['change_percent']:.2f}%)")
KeyError: 'current_value'
Checking if market is open...
Running bash script to fetch Philadelphia SE Semiconductor Index data...
Data saved to sox_index_data.csv
Successfully extracted and saved data for 2025-04-07 at 14:15:01
Traceback (most recent call last):
  File "/home/ubuntu/sox-index-project/sox_collector.py", line 114, in <module>
    main()
  File "/home/ubuntu/sox-index-project/sox_collector.py", line 109, in main
    print(f"Current value: {data['current_value']:.2f} USD, Change: {data['change_amount']:.2f} ({data['change_percent']:.2f}%)")
KeyError: 'current_value'
Checking if market is open...
Running bash script to fetch Philadelphia SE Semiconductor Index data...
Data saved to sox_index_data.csv
Successfully extracted and saved data for 2025-04-07 at 14:20:01
Traceback (most recent call last):
  File "/home/ubuntu/sox-index-project/sox_collector.py", line 114, in <module>
    main()
  File "/home/ubuntu/sox-index-project/sox_collector.py", line 109, in main
    print(f"Current value: {data['current_value']:.2f} USD, Change: {data['change_amount']:.2f} ({data['change_percent']:.2f}%)")
KeyError: 'current_value'
Checking if market is open...
Running bash script to fetch Philadelphia SE Semiconductor Index data...
Data saved to sox_index_data.csv
Successfully extracted and saved data for 2025-04-07 at 14:25:01
Traceback (most recent call last):
  File "/home/ubuntu/sox-index-project/sox_collector.py", line 114, in <module>
    main()
  File "/home/ubuntu/sox-index-project/sox_collector.py", line 109, in main
    print(f"Current value: {data['current_value']:.2f} USD, Change: {data['change_amount']:.2f} ({data['change_percent']:.2f}%)")
KeyError: 'current_value'
Checking if market is open...
Running bash script to fetch Philadelphia SE Semiconductor Index data...
Data saved to sox_index_data.csv
Successfully extracted and saved data for 2025-04-07 at 14:30:01
Traceback (most recent call last):
  File "/home/ubuntu/sox-index-project/sox_collector.py", line 114, in <module>
    main()
  File "/home/ubuntu/sox-index-project/sox_collector.py", line 109, in main
    print(f"Current value: {data['current_value']:.2f} USD, Change: {data['change_amount']:.2f} ({data['change_percent']:.2f}%)")
KeyError: 'current_value'
Checking if market is open...
Running bash script to fetch Philadelphia SE Semiconductor Index data...
Data saved to sox_index_data.csv
Successfully extracted and saved data for 2025-04-07 at 14:35:02
Traceback (most recent call last):
  File "/home/ubuntu/sox-index-project/sox_collector.py", line 114, in <module>
    main()
  File "/home/ubuntu/sox-index-project/sox_collector.py", line 109, in main
    print(f"Current value: {data['current_value']:.2f} USD, Change: {data['change_amount']:.2f} ({data['change_percent']:.2f}%)")
KeyError: 'current_value'
Checking if market is open...
Running bash script to fetch Philadelphia SE Semiconductor Index data...
Data saved to sox_index_data.csv
Successfully extracted and saved data for 2025-04-07 at 14:40:01
Traceback (most recent call last):
  File "/home/ubuntu/sox-index-project/sox_collector.py", line 114, in <module>
    main()
  File "/home/ubuntu/sox-index-project/sox_collector.py", line 109, in main
    print(f"Current value: {data['current_value']:.2f} USD, Change: {data['change_amount']:.2f} ({data['change_percent']:.2f}%)")
KeyError: 'current_value'
Checking if market is open...
Running bash script to fetch Philadelphia SE Semiconductor Index data...
Data saved to sox_index_data.csv
Successfully extracted and saved data for 2025-04-07 at 14:45:01
Traceback (most recent call last):
  File "/home/ubuntu/sox-index-project/sox_collector.py", line 114, in <module>
    main()
  File "/home/ubuntu/sox-index-project/sox_collector.py", line 109, in main
    print(f"Current value: {data['current_value']:.2f} USD, Change: {data['change_amount']:.2f} ({data['change_percent']:.2f}%)")
KeyError: 'current_value'
Checking if market is open...
Running bash script to fetch Philadelphia SE Semiconductor Index data...
Error running bash script: [Errno 2] No such file or directory: './sox_scrap.sh'
Failed to get data from bash script
Checking if market is open...
Running bash script to fetch Philadelphia SE Semiconductor Index data...
Data saved to sox_index_data.csv
Successfully extracted and saved data for 2025-04-07 at 14:55:02
Traceback (most recent call last):
  File "/home/ubuntu/sox-index-project/sox_collector.py", line 114, in <module>
    main()
  File "/home/ubuntu/sox-index-project/sox_collector.py", line 109, in main
    print(f"Current value: {data['current_value']:.2f} USD, Change: {data['change_amount']:.2f} ({data['change_percent']:.2f}%)")
KeyError: 'current_value'
Checking if market is open...
Running bash script to fetch Philadelphia SE Semiconductor Index data...
Data saved to sox_index_data.csv
Successfully extracted and saved data for 2025-04-07 at 15:00:01
Traceback (most recent call last):
  File "/home/ubuntu/sox-index-project/sox_collector.py", line 114, in <module>
    main()
  File "/home/ubuntu/sox-index-project/sox_collector.py", line 109, in main
    print(f"Current value: {data['current_value']:.2f} USD, Change: {data['change_amount']:.2f} ({data['change_percent']:.2f}%)")
KeyError: 'current_value'
Checking if market is open...
Running bash script to fetch Philadelphia SE Semiconductor Index data...
Data saved to sox_index_data.csv
Successfully extracted and saved data for 2025-04-07 at 15:05:02
Traceback (most recent call last):
  File "/home/ubuntu/sox-index-project/sox_collector.py", line 114, in <module>
    main()
  File "/home/ubuntu/sox-index-project/sox_collector.py", line 109, in main
    print(f"Current value: {data['current_value']:.2f} USD, Change: {data['change_amount']:.2f} ({data['change_percent']:.2f}%)")
KeyError: 'current_value'
Checking if market is open...
Running bash script to fetch Philadelphia SE Semiconductor Index data...
Data saved to sox_index_data.csv
Successfully extracted and saved data for 2025-04-07 at 15:10:02
Traceback (most recent call last):
  File "/home/ubuntu/sox-index-project/sox_collector.py", line 114, in <module>
    main()
  File "/home/ubuntu/sox-index-project/sox_collector.py", line 109, in main
    print(f"Current value: {data['current_value']:.2f} USD, Change: {data['change_amount']:.2f} ({data['change_percent']:.2f}%)")
KeyError: 'current_value'
Checking if market is open...
Running bash script to fetch Philadelphia SE Semiconductor Index data...
Data saved to sox_index_data.csv
Successfully extracted and saved data for 2025-04-07 at 15:15:01
Traceback (most recent call last):
  File "/home/ubuntu/sox-index-project/sox_collector.py", line 114, in <module>
    main()
  File "/home/ubuntu/sox-index-project/sox_collector.py", line 109, in main
    print(f"Current value: {data['current_value']:.2f} USD, Change: {data['change_amount']:.2f} ({data['change_percent']:.2f}%)")
KeyError: 'current_value'
Checking if market is open...
Running bash script to fetch Philadelphia SE Semiconductor Index data...
Data saved to sox_index_data.csv
Successfully extracted and saved data for 2025-04-07 at 15:20:02
Traceback (most recent call last):
  File "/home/ubuntu/sox-index-project/sox_collector.py", line 114, in <module>
    main()
  File "/home/ubuntu/sox-index-project/sox_collector.py", line 109, in main
    print(f"Current value: {data['current_value']:.2f} USD, Change: {data['change_amount']:.2f} ({data['change_percent']:.2f}%)")
KeyError: 'current_value'
Checking if market is open...
Running bash script to fetch Philadelphia SE Semiconductor Index data...
Data saved to sox_index_data.csv
Successfully extracted and saved data for 2025-04-07 at 15:25:01
Traceback (most recent call last):
  File "/home/ubuntu/sox-index-project/sox_collector.py", line 114, in <module>
    main()
  File "/home/ubuntu/sox-index-project/sox_collector.py", line 109, in main
    print(f"Current value: {data['current_value']:.2f} USD, Change: {data['change_amount']:.2f} ({data['change_percent']:.2f}%)")
KeyError: 'current_value'
Checking if market is open...
Running bash script to fetch Philadelphia SE Semiconductor Index data...
Data saved to sox_index_data.csv
Successfully extracted and saved data for 2025-04-07 at 15:30:02
Traceback (most recent call last):
  File "/home/ubuntu/sox-index-project/sox_collector.py", line 114, in <module>
    main()
  File "/home/ubuntu/sox-index-project/sox_collector.py", line 109, in main
    print(f"Current value: {data['current_value']:.2f} USD, Change: {data['change_amount']:.2f} ({data['change_percent']:.2f}%)")
KeyError: 'current_value'
Checking if market is open...
Running bash script to fetch Philadelphia SE Semiconductor Index data...
Data saved to sox_index_data.csv
Successfully extracted and saved data for 2025-04-07 at 15:35:02
Traceback (most recent call last):
  File "/home/ubuntu/sox-index-project/sox_collector.py", line 114, in <module>
    main()
  File "/home/ubuntu/sox-index-project/sox_collector.py", line 109, in main
    print(f"Current value: {data['current_value']:.2f} USD, Change: {data['change_amount']:.2f} ({data['change_percent']:.2f}%)")
KeyError: 'current_value'
Checking if market is open...
Running bash script to fetch Philadelphia SE Semiconductor Index data...
Data saved to sox_index_data.csv
Successfully extracted and saved data for 2025-04-07 at 15:40:02
Traceback (most recent call last):
  File "/home/ubuntu/sox-index-project/sox_collector.py", line 114, in <module>
    main()
  File "/home/ubuntu/sox-index-project/sox_collector.py", line 109, in main
    print(f"Current value: {data['current_value']:.2f} USD, Change: {data['change_amount']:.2f} ({data['change_percent']:.2f}%)")
KeyError: 'current_value'
Checking if market is open...
Running bash script to fetch Philadelphia SE Semiconductor Index data...
Data saved to sox_index_data.csv
Successfully extracted and saved data for 2025-04-07 at 15:45:01
Traceback (most recent call last):
  File "/home/ubuntu/sox-index-project/sox_collector.py", line 114, in <module>
    main()
  File "/home/ubuntu/sox-index-project/sox_collector.py", line 109, in main
    print(f"Current value: {data['current_value']:.2f} USD, Change: {data['change_amount']:.2f} ({data['change_percent']:.2f}%)")
KeyError: 'current_value'
Checking if market is open...
Running bash script to fetch Philadelphia SE Semiconductor Index data...
Data saved to sox_index_data.csv
Successfully extracted and saved data for 2025-04-07 at 15:50:01
Traceback (most recent call last):
  File "/home/ubuntu/sox-index-project/sox_collector.py", line 114, in <module>
    main()
  File "/home/ubuntu/sox-index-project/sox_collector.py", line 109, in main
    print(f"Current value: {data['current_value']:.2f} USD, Change: {data['change_amount']:.2f} ({data['change_percent']:.2f}%)")
KeyError: 'current_value'
Checking if market is open...
Running bash script to fetch Philadelphia SE Semiconductor Index data...
Data saved to sox_index_data.csv
Successfully extracted and saved data for 2025-04-07 at 15:55:02
Traceback (most recent call last):
  File "/home/ubuntu/sox-index-project/sox_collector.py", line 114, in <module>
    main()
  File "/home/ubuntu/sox-index-project/sox_collector.py", line 109, in main
    print(f"Current value: {data['current_value']:.2f} USD, Change: {data['change_amount']:.2f} ({data['change_percent']:.2f}%)")
KeyError: 'current_value'
Checking if market is open...
Running bash script to fetch Philadelphia SE Semiconductor Index data...
Data saved to sox_index_data.csv
Successfully extracted and saved data for 2025-04-07 at 16:00:02
Traceback (most recent call last):
  File "/home/ubuntu/sox-index-project/sox_collector.py", line 114, in <module>
    main()
  File "/home/ubuntu/sox-index-project/sox_collector.py", line 109, in main
    print(f"Current value: {data['current_value']:.2f} USD, Change: {data['change_amount']:.2f} ({data['change_percent']:.2f}%)")
KeyError: 'current_value'
Checking if market is open...
Running bash script to fetch Philadelphia SE Semiconductor Index data...
Data saved to sox_index_data.csv
Successfully extracted and saved data for 2025-04-07 at 16:05:01
Traceback (most recent call last):
  File "/home/ubuntu/sox-index-project/sox_collector.py", line 114, in <module>
    main()
  File "/home/ubuntu/sox-index-project/sox_collector.py", line 109, in main
    print(f"Current value: {data['current_value']:.2f} USD, Change: {data['change_amount']:.2f} ({data['change_percent']:.2f}%)")
KeyError: 'current_value'
Checking if market is open...
Running bash script to fetch Philadelphia SE Semiconductor Index data...
Data saved to sox_index_data.csv
Successfully extracted and saved data for 2025-04-07 at 16:10:02
Traceback (most recent call last):
  File "/home/ubuntu/sox-index-project/sox_collector.py", line 114, in <module>
    main()
  File "/home/ubuntu/sox-index-project/sox_collector.py", line 109, in main
    print(f"Current value: {data['current_value']:.2f} USD, Change: {data['change_amount']:.2f} ({data['change_percent']:.2f}%)")
KeyError: 'current_value'
Checking if market is open...
Running bash script to fetch Philadelphia SE Semiconductor Index data...
Data saved to sox_index_data.csv
Successfully extracted and saved data for 2025-04-07 at 16:15:02
Traceback (most recent call last):
  File "/home/ubuntu/sox-index-project/sox_collector.py", line 114, in <module>
    main()
  File "/home/ubuntu/sox-index-project/sox_collector.py", line 109, in main
    print(f"Current value: {data['current_value']:.2f} USD, Change: {data['change_amount']:.2f} ({data['change_percent']:.2f}%)")
KeyError: 'current_value'
Checking if market is open...
Running bash script to fetch Philadelphia SE Semiconductor Index data...
Data saved to sox_index_data.csv
Successfully extracted and saved data for 2025-04-07 at 16:20:01
Traceback (most recent call last):
  File "/home/ubuntu/sox-index-project/sox_collector.py", line 114, in <module>
    main()
  File "/home/ubuntu/sox-index-project/sox_collector.py", line 109, in main
    print(f"Current value: {data['current_value']:.2f} USD, Change: {data['change_amount']:.2f} ({data['change_percent']:.2f}%)")
KeyError: 'current_value'
Checking if market is open...
Running bash script to fetch Philadelphia SE Semiconductor Index data...
Data saved to sox_index_data.csv
Successfully extracted and saved data for 2025-04-07 at 16:25:02
Traceback (most recent call last):
  File "/home/ubuntu/sox-index-project/sox_collector.py", line 114, in <module>
    main()
  File "/home/ubuntu/sox-index-project/sox_collector.py", line 109, in main
    print(f"Current value: {data['current_value']:.2f} USD, Change: {data['change_amount']:.2f} ({data['change_percent']:.2f}%)")
KeyError: 'current_value'
Checking if market is open...
Running bash script to fetch Philadelphia SE Semiconductor Index data...
Data saved to sox_index_data.csv
Successfully extracted and saved data for 2025-04-07 at 16:30:01
Traceback (most recent call last):
  File "/home/ubuntu/sox-index-project/sox_collector.py", line 114, in <module>
    main()
  File "/home/ubuntu/sox-index-project/sox_collector.py", line 109, in main
    print(f"Current value: {data['current_value']:.2f} USD, Change: {data['change_amount']:.2f} ({data['change_percent']:.2f}%)")
KeyError: 'current_value'
Checking if market is open...
Running bash script to fetch Philadelphia SE Semiconductor Index data...
Data saved to sox_index_data.csv
Successfully extracted and saved data for 2025-04-07 at 16:35:02
Traceback (most recent call last):
  File "/home/ubuntu/sox-index-project/sox_collector.py", line 114, in <module>
    main()
  File "/home/ubuntu/sox-index-project/sox_collector.py", line 109, in main
    print(f"Current value: {data['current_value']:.2f} USD, Change: {data['change_amount']:.2f} ({data['change_percent']:.2f}%)")
KeyError: 'current_value'
Checking if market is open...
Running bash script to fetch Philadelphia SE Semiconductor Index data...
Data saved to sox_index_data.csv
Successfully extracted and saved data for 2025-04-07 at 16:40:01
Traceback (most recent call last):
  File "/home/ubuntu/sox-index-project/sox_collector.py", line 114, in <module>
    main()
  File "/home/ubuntu/sox-index-project/sox_collector.py", line 109, in main
    print(f"Current value: {data['current_value']:.2f} USD, Change: {data['change_amount']:.2f} ({data['change_percent']:.2f}%)")
KeyError: 'current_value'
Checking if market is open...
Running bash script to fetch Philadelphia SE Semiconductor Index data...
Data saved to sox_index_data.csv
Successfully extracted and saved data for 2025-04-07 at 16:45:02
Traceback (most recent call last):
  File "/home/ubuntu/sox-index-project/sox_collector.py", line 114, in <module>
    main()
  File "/home/ubuntu/sox-index-project/sox_collector.py", line 109, in main
    print(f"Current value: {data['current_value']:.2f} USD, Change: {data['change_amount']:.2f} ({data['change_percent']:.2f}%)")
KeyError: 'current_value'
Checking if market is open...
Running bash script to fetch Philadelphia SE Semiconductor Index data...
Data saved to sox_index_data.csv
Successfully extracted and saved data for 2025-04-07 at 16:50:02
Traceback (most recent call last):
  File "/home/ubuntu/sox-index-project/sox_collector.py", line 114, in <module>
    main()
  File "/home/ubuntu/sox-index-project/sox_collector.py", line 109, in main
    print(f"Current value: {data['current_value']:.2f} USD, Change: {data['change_amount']:.2f} ({data['change_percent']:.2f}%)")
KeyError: 'current_value'
Checking if market is open...
Running bash script to fetch Philadelphia SE Semiconductor Index data...
Data saved to sox_index_data.csv
Successfully extracted and saved data for 2025-04-07 at 16:55:01
Traceback (most recent call last):
  File "/home/ubuntu/sox-index-project/sox_collector.py", line 114, in <module>
    main()
  File "/home/ubuntu/sox-index-project/sox_collector.py", line 109, in main
    print(f"Current value: {data['current_value']:.2f} USD, Change: {data['change_amount']:.2f} ({data['change_percent']:.2f}%)")
KeyError: 'current_value'
Checking if market is open...
Running bash script to fetch Philadelphia SE Semiconductor Index data...
Data saved to sox_index_data.csv
Successfully extracted and saved data for 2025-04-07 at 17:00:01
Traceback (most recent call last):
  File "/home/ubuntu/sox-index-project/sox_collector.py", line 114, in <module>
    main()
  File "/home/ubuntu/sox-index-project/sox_collector.py", line 109, in main
    print(f"Current value: {data['current_value']:.2f} USD, Change: {data['change_amount']:.2f} ({data['change_percent']:.2f}%)")
KeyError: 'current_value'
Checking if market is open...
Running bash script to fetch Philadelphia SE Semiconductor Index data...
Data saved to sox_index_data.csv
Successfully extracted and saved data for 2025-04-07 at 17:05:02
Traceback (most recent call last):
  File "/home/ubuntu/sox-index-project/sox_collector.py", line 114, in <module>
    main()
  File "/home/ubuntu/sox-index-project/sox_collector.py", line 109, in main
    print(f"Current value: {data['current_value']:.2f} USD, Change: {data['change_amount']:.2f} ({data['change_percent']:.2f}%)")
KeyError: 'current_value'
Checking if market is open...
Running bash script to fetch Philadelphia SE Semiconductor Index data...
Data saved to sox_index_data.csv
Successfully extracted and saved data for 2025-04-07 at 17:10:01
Traceback (most recent call last):
  File "/home/ubuntu/sox-index-project/sox_collector.py", line 114, in <module>
    main()
  File "/home/ubuntu/sox-index-project/sox_collector.py", line 109, in main
    print(f"Current value: {data['current_value']:.2f} USD, Change: {data['change_amount']:.2f} ({data['change_percent']:.2f}%)")
KeyError: 'current_value'
Checking if market is open...
Running bash script to fetch Philadelphia SE Semiconductor Index data...
Data saved to sox_index_data.csv
Successfully extracted and saved data for 2025-04-07 at 17:15:02
Traceback (most recent call last):
  File "/home/ubuntu/sox-index-project/sox_collector.py", line 114, in <module>
    main()
  File "/home/ubuntu/sox-index-project/sox_collector.py", line 109, in main
    print(f"Current value: {data['current_value']:.2f} USD, Change: {data['change_amount']:.2f} ({data['change_percent']:.2f}%)")
KeyError: 'current_value'
Checking if market is open...
Running bash script to fetch Philadelphia SE Semiconductor Index data...
Data saved to sox_index_data.csv
Successfully extracted and saved data for 2025-04-07 at 17:20:02
Traceback (most recent call last):
  File "/home/ubuntu/sox-index-project/sox_collector.py", line 114, in <module>
    main()
  File "/home/ubuntu/sox-index-project/sox_collector.py", line 109, in main
    print(f"Current value: {data['current_value']:.2f} USD, Change: {data['change_amount']:.2f} ({data['change_percent']:.2f}%)")
KeyError: 'current_value'
Checking if market is open...
Running bash script to fetch Philadelphia SE Semiconductor Index data...
Data saved to sox_index_data.csv
Successfully extracted and saved data for 2025-04-07 at 17:25:01
Traceback (most recent call last):
  File "/home/ubuntu/sox-index-project/sox_collector.py", line 114, in <module>
    main()
  File "/home/ubuntu/sox-index-project/sox_collector.py", line 109, in main
    print(f"Current value: {data['current_value']:.2f} USD, Change: {data['change_amount']:.2f} ({data['change_percent']:.2f}%)")
KeyError: 'current_value'
Checking if market is open...
Running bash script to fetch Philadelphia SE Semiconductor Index data...
Data saved to sox_index_data.csv
Successfully extracted and saved data for 2025-04-07 at 17:30:02
Traceback (most recent call last):
  File "/home/ubuntu/sox-index-project/sox_collector.py", line 114, in <module>
    main()
  File "/home/ubuntu/sox-index-project/sox_collector.py", line 109, in main
    print(f"Current value: {data['current_value']:.2f} USD, Change: {data['change_amount']:.2f} ({data['change_percent']:.2f}%)")
KeyError: 'current_value'
Checking if market is open...
Running bash script to fetch Philadelphia SE Semiconductor Index data...
Data saved to sox_index_data.csv
Successfully extracted and saved data for 2025-04-07 at 17:35:01
Traceback (most recent call last):
  File "/home/ubuntu/sox-index-project/sox_collector.py", line 114, in <module>
    main()
  File "/home/ubuntu/sox-index-project/sox_collector.py", line 109, in main
    print(f"Current value: {data['current_value']:.2f} USD, Change: {data['change_amount']:.2f} ({data['change_percent']:.2f}%)")
KeyError: 'current_value'
Checking if market is open...
Running bash script to fetch Philadelphia SE Semiconductor Index data...
Data saved to sox_index_data.csv
Successfully extracted and saved data for 2025-04-07 at 17:40:01
Traceback (most recent call last):
  File "/home/ubuntu/sox-index-project/sox_collector.py", line 114, in <module>
    main()
  File "/home/ubuntu/sox-index-project/sox_collector.py", line 109, in main
    print(f"Current value: {data['current_value']:.2f} USD, Change: {data['change_amount']:.2f} ({data['change_percent']:.2f}%)")
KeyError: 'current_value'
Checking if market is open...
Running bash script to fetch Philadelphia SE Semiconductor Index data...
Data saved to sox_index_data.csv
Successfully extracted and saved data for 2025-04-07 at 17:45:01
Traceback (most recent call last):
  File "/home/ubuntu/sox-index-project/sox_collector.py", line 114, in <module>
    main()
  File "/home/ubuntu/sox-index-project/sox_collector.py", line 109, in main
    print(f"Current value: {data['current_value']:.2f} USD, Change: {data['change_amount']:.2f} ({data['change_percent']:.2f}%)")
KeyError: 'current_value'
Checking if market is open...
Running bash script to fetch Philadelphia SE Semiconductor Index data...
Data saved to sox_index_data.csv
Successfully extracted and saved data for 2025-04-07 at 17:50:02
Traceback (most recent call last):
  File "/home/ubuntu/sox-index-project/sox_collector.py", line 114, in <module>
    main()
  File "/home/ubuntu/sox-index-project/sox_collector.py", line 109, in main
    print(f"Current value: {data['current_value']:.2f} USD, Change: {data['change_amount']:.2f} ({data['change_percent']:.2f}%)")
KeyError: 'current_value'
Checking if market is open...
Running bash script to fetch Philadelphia SE Semiconductor Index data...
Data saved to sox_index_data.csv
Successfully extracted and saved data for 2025-04-07 at 17:55:02
Traceback (most recent call last):
  File "/home/ubuntu/sox-index-project/sox_collector.py", line 114, in <module>
    main()
  File "/home/ubuntu/sox-index-project/sox_collector.py", line 109, in main
    print(f"Current value: {data['current_value']:.2f} USD, Change: {data['change_amount']:.2f} ({data['change_percent']:.2f}%)")
KeyError: 'current_value'
Checking if market is open...
Running bash script to fetch Philadelphia SE Semiconductor Index data...
Data saved to sox_index_data.csv
Successfully extracted and saved data for 2025-04-07 at 18:00:01
Traceback (most recent call last):
  File "/home/ubuntu/sox-index-project/sox_collector.py", line 114, in <module>
    main()
  File "/home/ubuntu/sox-index-project/sox_collector.py", line 109, in main
    print(f"Current value: {data['current_value']:.2f} USD, Change: {data['change_amount']:.2f} ({data['change_percent']:.2f}%)")
KeyError: 'current_value'
Checking if market is open...
Running bash script to fetch Philadelphia SE Semiconductor Index data...
Data saved to sox_index_data.csv
Successfully extracted and saved data for 2025-04-07 at 18:05:02
Traceback (most recent call last):
  File "/home/ubuntu/sox-index-project/sox_collector.py", line 114, in <module>
    main()
  File "/home/ubuntu/sox-index-project/sox_collector.py", line 109, in main
    print(f"Current value: {data['current_value']:.2f} USD, Change: {data['change_amount']:.2f} ({data['change_percent']:.2f}%)")
KeyError: 'current_value'
Checking if market is open...
Running bash script to fetch Philadelphia SE Semiconductor Index data...
Data saved to sox_index_data.csv
Successfully extracted and saved data for 2025-04-07 at 18:10:02
Traceback (most recent call last):
  File "/home/ubuntu/sox-index-project/sox_collector.py", line 114, in <module>
    main()
  File "/home/ubuntu/sox-index-project/sox_collector.py", line 109, in main
    print(f"Current value: {data['current_value']:.2f} USD, Change: {data['change_amount']:.2f} ({data['change_percent']:.2f}%)")
KeyError: 'current_value'
Checking if market is open...
Running bash script to fetch Philadelphia SE Semiconductor Index data...
Data saved to sox_index_data.csv
Successfully extracted and saved data for 2025-04-07 at 18:15:01
Traceback (most recent call last):
  File "/home/ubuntu/sox-index-project/sox_collector.py", line 114, in <module>
    main()
  File "/home/ubuntu/sox-index-project/sox_collector.py", line 109, in main
    print(f"Current value: {data['current_value']:.2f} USD, Change: {data['change_amount']:.2f} ({data['change_percent']:.2f}%)")
KeyError: 'current_value'
Checking if market is open...
Running bash script to fetch Philadelphia SE Semiconductor Index data...
Data saved to sox_index_data.csv
Successfully extracted and saved data for 2025-04-07 at 18:20:02
Traceback (most recent call last):
  File "/home/ubuntu/sox-index-project/sox_collector.py", line 114, in <module>
    main()
  File "/home/ubuntu/sox-index-project/sox_collector.py", line 109, in main
    print(f"Current value: {data['current_value']:.2f} USD, Change: {data['change_amount']:.2f} ({data['change_percent']:.2f}%)")
KeyError: 'current_value'
Checking if market is open...
Running bash script to fetch Philadelphia SE Semiconductor Index data...
Data saved to sox_index_data.csv
Successfully extracted and saved data for 2025-04-07 at 18:25:01
Traceback (most recent call last):
  File "/home/ubuntu/sox-index-project/sox_collector.py", line 114, in <module>
    main()
  File "/home/ubuntu/sox-index-project/sox_collector.py", line 109, in main
    print(f"Current value: {data['current_value']:.2f} USD, Change: {data['change_amount']:.2f} ({data['change_percent']:.2f}%)")
KeyError: 'current_value'
Checking if market is open...
Running bash script to fetch Philadelphia SE Semiconductor Index data...
Data saved to sox_index_data.csv
Successfully extracted and saved data for 2025-04-07 at 18:30:02
Traceback (most recent call last):
  File "/home/ubuntu/sox-index-project/sox_collector.py", line 114, in <module>
    main()
  File "/home/ubuntu/sox-index-project/sox_collector.py", line 109, in main
    print(f"Current value: {data['current_value']:.2f} USD, Change: {data['change_amount']:.2f} ({data['change_percent']:.2f}%)")
KeyError: 'current_value'
Checking if market is open...
Running bash script to fetch Philadelphia SE Semiconductor Index data...
Data saved to sox_index_data.csv
Successfully extracted and saved data for 2025-04-07 at 18:35:01
Traceback (most recent call last):
  File "/home/ubuntu/sox-index-project/sox_collector.py", line 114, in <module>
    main()
  File "/home/ubuntu/sox-index-project/sox_collector.py", line 109, in main
    print(f"Current value: {data['current_value']:.2f} USD, Change: {data['change_amount']:.2f} ({data['change_percent']:.2f}%)")
KeyError: 'current_value'
